<?xml version="1.0" encoding="UTF-8"?>
<!-- Generated by org.testng.reporters.JUnitReportReporter -->
<testsuite hostname="LAPTOP-RAFAA" failures="0" tests="1" name="Acestpage.LoginmailTest" time="87.427" errors="0" timestamp="2021-10-06T15:23:09 WEST" skipped="0">
  <testcase classname="Acestpage.LoginmailTest" name="test" time="87.427"/>
  <system-out/>
</testsuite> <!-- Acestpage.LoginmailTest -->
