<?xml version="1.0" encoding="UTF-8"?>
<!-- Generated by org.testng.reporters.JUnitReportReporter -->
<testsuite hostname="LAPTOP-RAFAA" failures="0" tests="1" name="Acestpage.Basetest" time="2.621" errors="0" timestamp="2021-10-06T14:58:33 WEST" skipped="0">
  <testcase classname="Acestpage.Basetest" name="Test" time="2.621"/>
  <system-out/>
</testsuite> <!-- Acestpage.Basetest -->
