<?xml version="1.0" encoding="UTF-8"?>
<!-- Generated by org.testng.reporters.JUnitReportReporter -->
<testsuite hostname="LAPTOP-RAFAA" failures="0" tests="1" name="Acestpage.facebookLogin" time="29.892" errors="0" timestamp="2021-10-05T14:19:31 WEST" skipped="0">
  <testcase classname="Acestpage.facebookLogin" name="test" time="29.892"/>
  <system-out/>
</testsuite> <!-- Acestpage.facebookLogin -->
