<?xml version="1.0" encoding="UTF-8"?>
<!-- Generated by org.testng.reporters.JUnitReportReporter -->
<testsuite hostname="LAPTOP-RAFAA" failures="0" tests="1" name="Acestpage.LoginmailTest" time="15.110" errors="0" timestamp="2021-10-04T11:43:38 WEST" skipped="0">
  <testcase classname="Acestpage.LoginmailTest" name="test" time="15.110"/>
  <system-out/>
</testsuite> <!-- Acestpage.LoginmailTest -->
