<?xml version="1.0" encoding="UTF-8"?>
<!-- Generated by org.testng.reporters.JUnitReportReporter -->
<testsuite hostname="LAPTOP-RAFAA" failures="0" tests="1" name="Acestpage.youtuberech" time="34.469" errors="0" timestamp="2021-10-06T15:23:09 WEST" skipped="0">
  <testcase classname="Acestpage.youtuberech" name="Test2" time="34.469"/>
  <system-out/>
</testsuite> <!-- Acestpage.youtuberech -->
